[0.013s] Invoking command in '/home/wiktor/robot_ws/build/industrial_robot_jazzy': CMAKE_PREFIX_PATH=${CMAKE_PREFIX_PATH}:/opt/ros/jazzy DEBUGINFOD_URLS=https://debuginfod.ubuntu.com /usr/bin/cmake /home/wiktor/robot_ws/src/industrial_robot_jazzy -DCMAKE_INSTALL_PREFIX=/home/wiktor/robot_ws/install/industrial_robot_jazzy
[0.077s] -- The C compiler identification is GNU 13.3.0
[0.142s] -- The CXX compiler identification is GNU 13.3.0
[0.165s] -- Detecting C compiler ABI info
[0.276s] -- Detecting C compiler ABI info - done
[0.293s] -- Check for working C compiler: /usr/bin/cc - skipped
[0.294s] -- Detecting C compile features
[0.294s] -- Detecting C compile features - done
[0.310s] -- Detecting CXX compiler ABI info
[0.441s] -- Detecting CXX compiler ABI info - done
[0.448s] -- Check for working CXX compiler: /usr/bin/c++ - skipped
[0.449s] -- Detecting CXX compile features
[0.450s] -- Detecting CXX compile features - done
[0.455s] -- Found ament_cmake: 2.5.4 (/opt/ros/jazzy/share/ament_cmake/cmake)
[0.614s] -- Found Python3: /usr/bin/python3 (found version "3.12.3") found components: Interpreter 
[0.737s] -- Found rclcpp: 28.1.10 (/opt/ros/jazzy/share/rclcpp/cmake)
[0.794s] -- Found rosidl_generator_c: 4.6.5 (/opt/ros/jazzy/share/rosidl_generator_c/cmake)
[0.812s] -- Found rosidl_generator_cpp: 4.6.5 (/opt/ros/jazzy/share/rosidl_generator_cpp/cmake)
[0.834s] -- Using all available rosidl_typesupport_c: rosidl_typesupport_fastrtps_c;rosidl_typesupport_introspection_c
[0.854s] -- Using all available rosidl_typesupport_cpp: rosidl_typesupport_fastrtps_cpp;rosidl_typesupport_introspection_cpp
[0.942s] -- Found rmw_implementation_cmake: 7.3.2 (/opt/ros/jazzy/share/rmw_implementation_cmake/cmake)
[0.947s] -- Found rmw_fastrtps_cpp: 8.4.2 (/opt/ros/jazzy/share/rmw_fastrtps_cpp/cmake)
[1.055s] -- Found OpenSSL: /usr/lib/x86_64-linux-gnu/libcrypto.so (found version "3.0.13")  
[1.084s] -- Found FastRTPS: /opt/ros/jazzy/include (Required is at least version "2.13") 
[1.113s] -- Using RMW implementation 'rmw_fastrtps_cpp' as default
[1.195s] -- Found std_msgs: 5.3.6 (/opt/ros/jazzy/share/std_msgs/cmake)
[1.212s] -- Found sensor_msgs: 5.3.6 (/opt/ros/jazzy/share/sensor_msgs/cmake)
[1.252s] -- Found trajectory_msgs: 5.3.6 (/opt/ros/jazzy/share/trajectory_msgs/cmake)
[1.275s] -- Found ament_lint_auto: 0.17.2 (/opt/ros/jazzy/share/ament_lint_auto/cmake)
[1.392s] -- Added test 'copyright' to check source files copyright and LICENSE
[1.394s] -- Added test 'cppcheck' to perform static code analysis on C / C++ code
[1.396s] -- Configured cppcheck include dirs: 
[1.396s] -- Configured cppcheck exclude dirs and/or files: 
[1.398s] -- Added test 'cpplint' to check C / C++ code against the Google style
[1.398s] -- Configured cpplint exclude dirs and/or files: 
[1.398s] -- Added test 'flake8' to check Python code syntax and style conventions
[1.399s] -- Configured 'flake8' exclude dirs and/or files: 
[1.401s] -- Added test 'lint_cmake' to check CMake code style
[1.401s] -- Added test 'pep257' to check Python code against some of the docstring style conventions in PEP 257
[1.403s] -- Added test 'uncrustify' to check C / C++ code style
[1.405s] -- Configured uncrustify additional arguments: 
[1.405s] -- Added test 'xmllint' to check XML markup files
[1.406s] -- Configuring done (1.4s)
[1.419s] -- Generating done (0.0s)
[1.423s] -- Build files have been written to: /home/wiktor/robot_ws/build/industrial_robot_jazzy
[1.439s] Invoked command in '/home/wiktor/robot_ws/build/industrial_robot_jazzy' returned '0': CMAKE_PREFIX_PATH=${CMAKE_PREFIX_PATH}:/opt/ros/jazzy DEBUGINFOD_URLS=https://debuginfod.ubuntu.com /usr/bin/cmake /home/wiktor/robot_ws/src/industrial_robot_jazzy -DCMAKE_INSTALL_PREFIX=/home/wiktor/robot_ws/install/industrial_robot_jazzy
[1.440s] Invoking command in '/home/wiktor/robot_ws/build/industrial_robot_jazzy': CMAKE_PREFIX_PATH=${CMAKE_PREFIX_PATH}:/opt/ros/jazzy DEBUGINFOD_URLS=https://debuginfod.ubuntu.com /usr/bin/cmake --build /home/wiktor/robot_ws/build/industrial_robot_jazzy -- -j4 -l4
[1.513s] [ 50%] [32m[1mLinking CXX executable robot_controller[0m
[1.623s] /usr/bin/ld: /usr/lib/gcc/x86_64-linux-gnu/13/../../../x86_64-linux-gnu/Scrt1.o: in function `_start':
[1.623s] (.text+0x1b): undefined reference to `main'
[1.626s] collect2: error: ld returned 1 exit status
[1.629s] gmake[2]: *** [CMakeFiles/robot_controller.dir/build.make:195: robot_controller] Error 1
[1.630s] gmake[1]: *** [CMakeFiles/Makefile2:137: CMakeFiles/robot_controller.dir/all] Error 2
[1.630s] gmake: *** [Makefile:146: all] Error 2
[1.633s] Invoked command in '/home/wiktor/robot_ws/build/industrial_robot_jazzy' returned '2': CMAKE_PREFIX_PATH=${CMAKE_PREFIX_PATH}:/opt/ros/jazzy DEBUGINFOD_URLS=https://debuginfod.ubuntu.com /usr/bin/cmake --build /home/wiktor/robot_ws/build/industrial_robot_jazzy -- -j4 -l4
