[0.014s] Invoking command in '/home/wiktor/robot_ws/build/industrial_robot_jazzy': CMAKE_PREFIX_PATH=${CMAKE_PREFIX_PATH}:/opt/ros/jazzy DEBUGINFOD_URLS=https://debuginfod.ubuntu.com /usr/bin/cmake --build /home/wiktor/robot_ws/build/industrial_robot_jazzy -- -j4 -l4
[0.095s] [100%] Built target robot_controller
[0.116s] Invoked command in '/home/wiktor/robot_ws/build/industrial_robot_jazzy' returned '0': CMAKE_PREFIX_PATH=${CMAKE_PREFIX_PATH}:/opt/ros/jazzy DEBUGINFOD_URLS=https://debuginfod.ubuntu.com /usr/bin/cmake --build /home/wiktor/robot_ws/build/industrial_robot_jazzy -- -j4 -l4
[0.129s] Invoking command in '/home/wiktor/robot_ws/build/industrial_robot_jazzy': CMAKE_PREFIX_PATH=${CMAKE_PREFIX_PATH}:/opt/ros/jazzy DEBUGINFOD_URLS=https://debuginfod.ubuntu.com /usr/bin/cmake --install /home/wiktor/robot_ws/build/industrial_robot_jazzy
[0.139s] -- Install configuration: ""
[0.140s] -- Up-to-date: /home/wiktor/robot_ws/install/industrial_robot_jazzy/lib/industrial_robot_jazzy/robot_controller
[0.140s] -- Up-to-date: /home/wiktor/robot_ws/install/industrial_robot_jazzy/share/industrial_robot_jazzy//launch
[0.141s] -- Installing: /home/wiktor/robot_ws/install/industrial_robot_jazzy/share/industrial_robot_jazzy//launch/simple_robot.launch.py
[0.141s] -- Up-to-date: /home/wiktor/robot_ws/install/industrial_robot_jazzy/share/industrial_robot_jazzy//launch/gazebo_simulation.launch.py
[0.141s] -- Up-to-date: /home/wiktor/robot_ws/install/industrial_robot_jazzy/share/industrial_robot_jazzy//urdf
[0.142s] -- Up-to-date: /home/wiktor/robot_ws/install/industrial_robot_jazzy/share/industrial_robot_jazzy//urdf/build
[0.142s] -- Up-to-date: /home/wiktor/robot_ws/install/industrial_robot_jazzy/share/industrial_robot_jazzy//urdf/build/COLCON_IGNORE
[0.142s] -- Up-to-date: /home/wiktor/robot_ws/install/industrial_robot_jazzy/share/industrial_robot_jazzy//urdf/build/.built_by
[0.142s] -- Up-to-date: /home/wiktor/robot_ws/install/industrial_robot_jazzy/share/industrial_robot_jazzy//urdf/install
[0.143s] -- Up-to-date: /home/wiktor/robot_ws/install/industrial_robot_jazzy/share/industrial_robot_jazzy//urdf/install/COLCON_IGNORE
[0.143s] -- Up-to-date: /home/wiktor/robot_ws/install/industrial_robot_jazzy/share/industrial_robot_jazzy//urdf/install/local_setup.bash
[0.143s] -- Up-to-date: /home/wiktor/robot_ws/install/industrial_robot_jazzy/share/industrial_robot_jazzy//urdf/install/local_setup.zsh
[0.143s] -- Up-to-date: /home/wiktor/robot_ws/install/industrial_robot_jazzy/share/industrial_robot_jazzy//urdf/install/setup.ps1
[0.144s] -- Up-to-date: /home/wiktor/robot_ws/install/industrial_robot_jazzy/share/industrial_robot_jazzy//urdf/install/local_setup.ps1
[0.145s] -- Up-to-date: /home/wiktor/robot_ws/install/industrial_robot_jazzy/share/industrial_robot_jazzy//urdf/install/setup.sh
[0.145s] -- Up-to-date: /home/wiktor/robot_ws/install/industrial_robot_jazzy/share/industrial_robot_jazzy//urdf/install/setup.bash
[0.145s] -- Up-to-date: /home/wiktor/robot_ws/install/industrial_robot_jazzy/share/industrial_robot_jazzy//urdf/install/setup.zsh
[0.145s] -- Up-to-date: /home/wiktor/robot_ws/install/industrial_robot_jazzy/share/industrial_robot_jazzy//urdf/install/_local_setup_util_ps1.py
[0.146s] -- Up-to-date: /home/wiktor/robot_ws/install/industrial_robot_jazzy/share/industrial_robot_jazzy//urdf/install/.colcon_install_layout
[0.146s] -- Up-to-date: /home/wiktor/robot_ws/install/industrial_robot_jazzy/share/industrial_robot_jazzy//urdf/install/local_setup.sh
[0.146s] -- Up-to-date: /home/wiktor/robot_ws/install/industrial_robot_jazzy/share/industrial_robot_jazzy//urdf/install/_local_setup_util_sh.py
[0.147s] -- Up-to-date: /home/wiktor/robot_ws/install/industrial_robot_jazzy/share/industrial_robot_jazzy//urdf/log
[0.148s] -- Up-to-date: /home/wiktor/robot_ws/install/industrial_robot_jazzy/share/industrial_robot_jazzy//urdf/log/build_2025-08-10_23-20-13
[0.148s] -- Up-to-date: /home/wiktor/robot_ws/install/industrial_robot_jazzy/share/industrial_robot_jazzy//urdf/log/build_2025-08-10_23-20-13/logger_all.log
[0.148s] -- Up-to-date: /home/wiktor/robot_ws/install/industrial_robot_jazzy/share/industrial_robot_jazzy//urdf/log/build_2025-08-10_23-20-13/events.log
[0.148s] -- Up-to-date: /home/wiktor/robot_ws/install/industrial_robot_jazzy/share/industrial_robot_jazzy//urdf/log/COLCON_IGNORE
[0.148s] -- Up-to-date: /home/wiktor/robot_ws/install/industrial_robot_jazzy/share/industrial_robot_jazzy//urdf/log/build_2025-08-10_23-23-42
[0.149s] -- Up-to-date: /home/wiktor/robot_ws/install/industrial_robot_jazzy/share/industrial_robot_jazzy//urdf/log/build_2025-08-10_23-23-42/logger_all.log
[0.149s] -- Up-to-date: /home/wiktor/robot_ws/install/industrial_robot_jazzy/share/industrial_robot_jazzy//urdf/log/build_2025-08-10_23-23-42/events.log
[0.149s] -- Up-to-date: /home/wiktor/robot_ws/install/industrial_robot_jazzy/share/industrial_robot_jazzy//urdf/log/latest
[0.149s] -- Up-to-date: /home/wiktor/robot_ws/install/industrial_robot_jazzy/share/industrial_robot_jazzy//urdf/log/build_2025-08-10_23-18-41
[0.150s] -- Up-to-date: /home/wiktor/robot_ws/install/industrial_robot_jazzy/share/industrial_robot_jazzy//urdf/log/build_2025-08-10_23-18-41/logger_all.log
[0.150s] -- Up-to-date: /home/wiktor/robot_ws/install/industrial_robot_jazzy/share/industrial_robot_jazzy//urdf/log/build_2025-08-10_23-18-41/events.log
[0.150s] -- Up-to-date: /home/wiktor/robot_ws/install/industrial_robot_jazzy/share/industrial_robot_jazzy//urdf/log/build_2025-08-10_23-01-48
[0.150s] -- Up-to-date: /home/wiktor/robot_ws/install/industrial_robot_jazzy/share/industrial_robot_jazzy//urdf/log/build_2025-08-10_23-01-48/logger_all.log
[0.150s] -- Up-to-date: /home/wiktor/robot_ws/install/industrial_robot_jazzy/share/industrial_robot_jazzy//urdf/log/build_2025-08-10_23-01-48/events.log
[0.150s] -- Up-to-date: /home/wiktor/robot_ws/install/industrial_robot_jazzy/share/industrial_robot_jazzy//urdf/log/latest_build
[0.150s] -- Up-to-date: /home/wiktor/robot_ws/install/industrial_robot_jazzy/share/industrial_robot_jazzy//urdf/robot.urdf.xacro
[0.151s] -- Up-to-date: /home/wiktor/robot_ws/install/industrial_robot_jazzy/share/industrial_robot_jazzy//config
[0.151s] -- Up-to-date: /home/wiktor/robot_ws/install/industrial_robot_jazzy/share/industrial_robot_jazzy//config/controllers.yaml
[0.151s] -- Up-to-date: /home/wiktor/robot_ws/install/industrial_robot_jazzy/share/ament_index/resource_index/package_run_dependencies/industrial_robot_jazzy
[0.151s] -- Up-to-date: /home/wiktor/robot_ws/install/industrial_robot_jazzy/share/ament_index/resource_index/parent_prefix_path/industrial_robot_jazzy
[0.151s] -- Up-to-date: /home/wiktor/robot_ws/install/industrial_robot_jazzy/share/industrial_robot_jazzy/environment/ament_prefix_path.sh
[0.151s] -- Up-to-date: /home/wiktor/robot_ws/install/industrial_robot_jazzy/share/industrial_robot_jazzy/environment/ament_prefix_path.dsv
[0.151s] -- Up-to-date: /home/wiktor/robot_ws/install/industrial_robot_jazzy/share/industrial_robot_jazzy/environment/path.sh
[0.151s] -- Up-to-date: /home/wiktor/robot_ws/install/industrial_robot_jazzy/share/industrial_robot_jazzy/environment/path.dsv
[0.151s] -- Up-to-date: /home/wiktor/robot_ws/install/industrial_robot_jazzy/share/industrial_robot_jazzy/local_setup.bash
[0.152s] -- Up-to-date: /home/wiktor/robot_ws/install/industrial_robot_jazzy/share/industrial_robot_jazzy/local_setup.sh
[0.152s] -- Up-to-date: /home/wiktor/robot_ws/install/industrial_robot_jazzy/share/industrial_robot_jazzy/local_setup.zsh
[0.152s] -- Up-to-date: /home/wiktor/robot_ws/install/industrial_robot_jazzy/share/industrial_robot_jazzy/local_setup.dsv
[0.152s] -- Installing: /home/wiktor/robot_ws/install/industrial_robot_jazzy/share/industrial_robot_jazzy/package.dsv
[0.152s] -- Up-to-date: /home/wiktor/robot_ws/install/industrial_robot_jazzy/share/ament_index/resource_index/packages/industrial_robot_jazzy
[0.152s] -- Up-to-date: /home/wiktor/robot_ws/install/industrial_robot_jazzy/share/industrial_robot_jazzy/cmake/industrial_robot_jazzyConfig.cmake
[0.152s] -- Up-to-date: /home/wiktor/robot_ws/install/industrial_robot_jazzy/share/industrial_robot_jazzy/cmake/industrial_robot_jazzyConfig-version.cmake
[0.152s] -- Up-to-date: /home/wiktor/robot_ws/install/industrial_robot_jazzy/share/industrial_robot_jazzy/package.xml
[0.152s] Invoked command in '/home/wiktor/robot_ws/build/industrial_robot_jazzy' returned '0': CMAKE_PREFIX_PATH=${CMAKE_PREFIX_PATH}:/opt/ros/jazzy DEBUGINFOD_URLS=https://debuginfod.ubuntu.com /usr/bin/cmake --install /home/wiktor/robot_ws/build/industrial_robot_jazzy
