[0.012s] Invoking command in '/home/wiktor/robot_ws/build/industrial_robot_jazzy': CMAKE_PREFIX_PATH=${CMAKE_PREFIX_PATH}:/opt/ros/jazzy DEBUGINFOD_URLS=https://debuginfod.ubuntu.com /usr/bin/cmake /home/wiktor/robot_ws/src/industrial_robot_jazzy -DCMAKE_INSTALL_PREFIX=/home/wiktor/robot_ws/install/industrial_robot_jazzy
[0.077s] -- The C compiler identification is GNU 13.3.0
[0.139s] -- The CXX compiler identification is GNU 13.3.0
[0.159s] -- Detecting C compiler ABI info
[0.272s] -- Detecting C compiler ABI info - done
[0.278s] -- Check for working C compiler: /usr/bin/cc - skipped
[0.279s] -- Detecting C compile features
[0.279s] -- Detecting C compile features - done
[0.292s] -- Detecting CXX compiler ABI info
[0.424s] -- Detecting CXX compiler ABI info - done
[0.431s] -- Check for working CXX compiler: /usr/bin/c++ - skipped
[0.432s] -- Detecting CXX compile features
[0.433s] -- Detecting CXX compile features - done
[0.436s] -- Found ament_cmake: 2.5.4 (/opt/ros/jazzy/share/ament_cmake/cmake)
[0.592s] -- Found Python3: /usr/bin/python3 (found version "3.12.3") found components: Interpreter 
[0.720s] -- Found rclcpp: 28.1.10 (/opt/ros/jazzy/share/rclcpp/cmake)
[0.775s] -- Found rosidl_generator_c: 4.6.5 (/opt/ros/jazzy/share/rosidl_generator_c/cmake)
[0.793s] -- Found rosidl_generator_cpp: 4.6.5 (/opt/ros/jazzy/share/rosidl_generator_cpp/cmake)
[0.817s] -- Using all available rosidl_typesupport_c: rosidl_typesupport_fastrtps_c;rosidl_typesupport_introspection_c
[0.838s] -- Using all available rosidl_typesupport_cpp: rosidl_typesupport_fastrtps_cpp;rosidl_typesupport_introspection_cpp
[0.925s] -- Found rmw_implementation_cmake: 7.3.2 (/opt/ros/jazzy/share/rmw_implementation_cmake/cmake)
[0.932s] -- Found rmw_fastrtps_cpp: 8.4.2 (/opt/ros/jazzy/share/rmw_fastrtps_cpp/cmake)
[1.053s] -- Found OpenSSL: /usr/lib/x86_64-linux-gnu/libcrypto.so (found version "3.0.13")  
[1.077s] -- Found FastRTPS: /opt/ros/jazzy/include (Required is at least version "2.13") 
[1.102s] -- Using RMW implementation 'rmw_fastrtps_cpp' as default
[1.183s] -- Found std_msgs: 5.3.6 (/opt/ros/jazzy/share/std_msgs/cmake)
[1.197s] -- Found sensor_msgs: 5.3.6 (/opt/ros/jazzy/share/sensor_msgs/cmake)
[1.237s] -- Found trajectory_msgs: 5.3.6 (/opt/ros/jazzy/share/trajectory_msgs/cmake)
[1.260s] -- Found ament_lint_auto: 0.17.2 (/opt/ros/jazzy/share/ament_lint_auto/cmake)
[1.381s] -- Added test 'copyright' to check source files copyright and LICENSE
[1.383s] -- Added test 'cppcheck' to perform static code analysis on C / C++ code
[1.384s] -- Configured cppcheck include dirs: 
[1.384s] -- Configured cppcheck exclude dirs and/or files: 
[1.385s] -- Added test 'cpplint' to check C / C++ code against the Google style
[1.386s] -- Configured cpplint exclude dirs and/or files: 
[1.386s] -- Added test 'flake8' to check Python code syntax and style conventions
[1.386s] -- Configured 'flake8' exclude dirs and/or files: 
[1.387s] -- Added test 'lint_cmake' to check CMake code style
[1.389s] -- Added test 'pep257' to check Python code against some of the docstring style conventions in PEP 257
[1.390s] -- Added test 'uncrustify' to check C / C++ code style
[1.390s] -- Configured uncrustify additional arguments: 
[1.391s] -- Added test 'xmllint' to check XML markup files
[1.392s] -- Configuring done (1.4s)
[1.406s] -- Generating done (0.0s)
[1.413s] -- Build files have been written to: /home/wiktor/robot_ws/build/industrial_robot_jazzy
[1.425s] Invoked command in '/home/wiktor/robot_ws/build/industrial_robot_jazzy' returned '0': CMAKE_PREFIX_PATH=${CMAKE_PREFIX_PATH}:/opt/ros/jazzy DEBUGINFOD_URLS=https://debuginfod.ubuntu.com /usr/bin/cmake /home/wiktor/robot_ws/src/industrial_robot_jazzy -DCMAKE_INSTALL_PREFIX=/home/wiktor/robot_ws/install/industrial_robot_jazzy
[1.426s] Invoking command in '/home/wiktor/robot_ws/build/industrial_robot_jazzy': CMAKE_PREFIX_PATH=${CMAKE_PREFIX_PATH}:/opt/ros/jazzy DEBUGINFOD_URLS=https://debuginfod.ubuntu.com /usr/bin/cmake --build /home/wiktor/robot_ws/build/industrial_robot_jazzy -- -j4 -l4
[1.498s] [ 50%] [32m[1mLinking CXX executable robot_controller[0m
[1.598s] /usr/bin/ld: /usr/lib/gcc/x86_64-linux-gnu/13/../../../x86_64-linux-gnu/Scrt1.o: in function `_start':
[1.599s] (.text+0x1b): undefined reference to `main'
[1.601s] collect2: error: ld returned 1 exit status
[1.604s] gmake[2]: *** [CMakeFiles/robot_controller.dir/build.make:195: robot_controller] Error 1
[1.604s] gmake[1]: *** [CMakeFiles/Makefile2:137: CMakeFiles/robot_controller.dir/all] Error 2
[1.605s] gmake: *** [Makefile:146: all] Error 2
[1.612s] Invoked command in '/home/wiktor/robot_ws/build/industrial_robot_jazzy' returned '2': CMAKE_PREFIX_PATH=${CMAKE_PREFIX_PATH}:/opt/ros/jazzy DEBUGINFOD_URLS=https://debuginfod.ubuntu.com /usr/bin/cmake --build /home/wiktor/robot_ws/build/industrial_robot_jazzy -- -j4 -l4
