[0.015s] Invoking command in '/home/wiktor/robot_ws/build/industrial_robot_jazzy': CMAKE_PREFIX_PATH=${CMAKE_PREFIX_PATH}:/opt/ros/jazzy DEBUGINFOD_URLS=https://debuginfod.ubuntu.com /usr/bin/cmake --build /home/wiktor/robot_ws/build/industrial_robot_jazzy -- -j4 -l4
[0.092s] [100%] Built target robot_controller
[0.111s] Invoked command in '/home/wiktor/robot_ws/build/industrial_robot_jazzy' returned '0': CMAKE_PREFIX_PATH=${CMAKE_PREFIX_PATH}:/opt/ros/jazzy DEBUGINFOD_URLS=https://debuginfod.ubuntu.com /usr/bin/cmake --build /home/wiktor/robot_ws/build/industrial_robot_jazzy -- -j4 -l4
[0.125s] Invoking command in '/home/wiktor/robot_ws/build/industrial_robot_jazzy': CMAKE_PREFIX_PATH=${CMAKE_PREFIX_PATH}:/opt/ros/jazzy DEBUGINFOD_URLS=https://debuginfod.ubuntu.com /usr/bin/cmake --install /home/wiktor/robot_ws/build/industrial_robot_jazzy
[0.135s] -- Install configuration: ""
[0.135s] -- Up-to-date: /home/wiktor/robot_ws/install/industrial_robot_jazzy/lib/industrial_robot_jazzy/robot_controller
[0.135s] -- Up-to-date: /home/wiktor/robot_ws/install/industrial_robot_jazzy/share/industrial_robot_jazzy//launch
[0.136s] -- Installing: /home/wiktor/robot_ws/install/industrial_robot_jazzy/share/industrial_robot_jazzy//launch/sime_robot.launch.py
[0.136s] -- Up-to-date: /home/wiktor/robot_ws/install/industrial_robot_jazzy/share/industrial_robot_jazzy//launch/gazebo_simulation.launch.py
[0.137s] -- Up-to-date: /home/wiktor/robot_ws/install/industrial_robot_jazzy/share/industrial_robot_jazzy//urdf
[0.137s] -- Up-to-date: /home/wiktor/robot_ws/install/industrial_robot_jazzy/share/industrial_robot_jazzy//urdf/robot.urdf.xacro
[0.137s] -- Up-to-date: /home/wiktor/robot_ws/install/industrial_robot_jazzy/share/industrial_robot_jazzy//config
[0.137s] -- Up-to-date: /home/wiktor/robot_ws/install/industrial_robot_jazzy/share/industrial_robot_jazzy//config/controllers.yaml
[0.138s] -- Up-to-date: /home/wiktor/robot_ws/install/industrial_robot_jazzy/share/ament_index/resource_index/package_run_dependencies/industrial_robot_jazzy
[0.138s] -- Up-to-date: /home/wiktor/robot_ws/install/industrial_robot_jazzy/share/ament_index/resource_index/parent_prefix_path/industrial_robot_jazzy
[0.139s] -- Up-to-date: /home/wiktor/robot_ws/install/industrial_robot_jazzy/share/industrial_robot_jazzy/environment/ament_prefix_path.sh
[0.140s] -- Up-to-date: /home/wiktor/robot_ws/install/industrial_robot_jazzy/share/industrial_robot_jazzy/environment/ament_prefix_path.dsv
[0.141s] -- Up-to-date: /home/wiktor/robot_ws/install/industrial_robot_jazzy/share/industrial_robot_jazzy/environment/path.sh
[0.142s] -- Up-to-date: /home/wiktor/robot_ws/install/industrial_robot_jazzy/share/industrial_robot_jazzy/environment/path.dsv
[0.143s] -- Up-to-date: /home/wiktor/robot_ws/install/industrial_robot_jazzy/share/industrial_robot_jazzy/local_setup.bash
[0.144s] -- Up-to-date: /home/wiktor/robot_ws/install/industrial_robot_jazzy/share/industrial_robot_jazzy/local_setup.sh
[0.145s] -- Up-to-date: /home/wiktor/robot_ws/install/industrial_robot_jazzy/share/industrial_robot_jazzy/local_setup.zsh
[0.145s] -- Up-to-date: /home/wiktor/robot_ws/install/industrial_robot_jazzy/share/industrial_robot_jazzy/local_setup.dsv
[0.146s] -- Installing: /home/wiktor/robot_ws/install/industrial_robot_jazzy/share/industrial_robot_jazzy/package.dsv
[0.149s] -- Up-to-date: /home/wiktor/robot_ws/install/industrial_robot_jazzy/share/ament_index/resource_index/packages/industrial_robot_jazzy
[0.150s] -- Up-to-date: /home/wiktor/robot_ws/install/industrial_robot_jazzy/share/industrial_robot_jazzy/cmake/industrial_robot_jazzyConfig.cmake
[0.151s] -- Up-to-date: /home/wiktor/robot_ws/install/industrial_robot_jazzy/share/industrial_robot_jazzy/cmake/industrial_robot_jazzyConfig-version.cmake
[0.152s] -- Up-to-date: /home/wiktor/robot_ws/install/industrial_robot_jazzy/share/industrial_robot_jazzy/package.xml
[0.153s] Invoked command in '/home/wiktor/robot_ws/build/industrial_robot_jazzy' returned '0': CMAKE_PREFIX_PATH=${CMAKE_PREFIX_PATH}:/opt/ros/jazzy DEBUGINFOD_URLS=https://debuginfod.ubuntu.com /usr/bin/cmake --install /home/wiktor/robot_ws/build/industrial_robot_jazzy
