[0.085s] DEBUG:colcon:Command line arguments: ['/usr/bin/colcon', 'build', '--packages-select', 'industrial_robot_jazzy']
[0.085s] DEBUG:colcon:Parsed command line arguments: Namespace(log_base=None, log_level=None, verb_name='build', build_base='build', install_base='install', merge_install=False, symlink_install=False, test_result_base=None, continue_on_error=False, executor='parallel', parallel_workers=4, event_handlers=None, ignore_user_meta=False, metas=['./colcon.meta'], base_paths=['.'], packages_ignore=None, packages_ignore_regex=None, paths=None, packages_up_to=None, packages_up_to_regex=None, packages_above=None, packages_above_and_dependencies=None, packages_above_depth=None, packages_select_by_dep=None, packages_skip_by_dep=None, packages_skip_up_to=None, packages_select_build_failed=False, packages_skip_build_finished=False, packages_select_test_failures=False, packages_skip_test_passed=False, packages_select=['industrial_robot_jazzy'], packages_skip=None, packages_select_regex=None, packages_skip_regex=None, packages_start=None, packages_end=None, allow_overriding=[], cmake_args=None, cmake_target=None, cmake_target_skip_unavailable=False, cmake_clean_cache=False, cmake_clean_first=False, cmake_force_configure=False, ament_cmake_args=None, catkin_cmake_args=None, catkin_skip_building_tests=False, mixin_files=None, mixin=None, verb_parser=<colcon_mixin.mixin.mixin_argument.MixinArgumentDecorator object at 0x7af270687f20>, verb_extension=<colcon_core.verb.build.BuildVerb object at 0x7af270687ce0>, main=<bound method BuildVerb.main of <colcon_core.verb.build.BuildVerb object at 0x7af270687ce0>>, mixin_verb=('build',))
[0.119s] Level 1:colcon.colcon_core.package_discovery:discover_packages(colcon_meta) check parameters
[0.119s] Level 1:colcon.colcon_core.package_discovery:discover_packages(recursive) check parameters
[0.119s] Level 1:colcon.colcon_core.package_discovery:discover_packages(ignore) check parameters
[0.119s] Level 1:colcon.colcon_core.package_discovery:discover_packages(path) check parameters
[0.119s] Level 1:colcon.colcon_core.package_discovery:discover_packages(colcon_meta) discover
[0.119s] Level 1:colcon.colcon_core.package_discovery:discover_packages(recursive) discover
[0.119s] INFO:colcon.colcon_core.package_discovery:Crawling recursively for packages in '/home/wiktor/robot_ws'
[0.119s] Level 1:colcon.colcon_core.package_identification:_identify(.) by extensions ['ignore', 'ignore_ament_install']
[0.119s] Level 1:colcon.colcon_core.package_identification:_identify(.) by extension 'ignore'
[0.120s] Level 1:colcon.colcon_core.package_identification:_identify(.) by extension 'ignore_ament_install'
[0.120s] Level 1:colcon.colcon_core.package_identification:_identify(.) by extensions ['colcon_pkg']
[0.120s] Level 1:colcon.colcon_core.package_identification:_identify(.) by extension 'colcon_pkg'
[0.120s] Level 1:colcon.colcon_core.package_identification:_identify(.) by extensions ['colcon_meta']
[0.120s] Level 1:colcon.colcon_core.package_identification:_identify(.) by extension 'colcon_meta'
[0.120s] Level 1:colcon.colcon_core.package_identification:_identify(.) by extensions ['ros']
[0.120s] Level 1:colcon.colcon_core.package_identification:_identify(.) by extension 'ros'
[0.140s] Level 1:colcon.colcon_core.package_identification:_identify(.) by extensions ['cmake', 'python']
[0.140s] Level 1:colcon.colcon_core.package_identification:_identify(.) by extension 'cmake'
[0.140s] Level 1:colcon.colcon_core.package_identification:_identify(.) by extension 'python'
[0.140s] Level 1:colcon.colcon_core.package_identification:_identify(.) by extensions ['python_setup_py']
[0.140s] Level 1:colcon.colcon_core.package_identification:_identify(.) by extension 'python_setup_py'
[0.140s] Level 1:colcon.colcon_core.package_identification:_identify(build) by extensions ['ignore', 'ignore_ament_install']
[0.141s] Level 1:colcon.colcon_core.package_identification:_identify(build) by extension 'ignore'
[0.141s] Level 1:colcon.colcon_core.package_identification:_identify(build) ignored
[0.141s] Level 1:colcon.colcon_core.package_identification:_identify(install) by extensions ['ignore', 'ignore_ament_install']
[0.141s] Level 1:colcon.colcon_core.package_identification:_identify(install) by extension 'ignore'
[0.141s] Level 1:colcon.colcon_core.package_identification:_identify(install) ignored
[0.141s] Level 1:colcon.colcon_core.package_identification:_identify(log) by extensions ['ignore', 'ignore_ament_install']
[0.141s] Level 1:colcon.colcon_core.package_identification:_identify(log) by extension 'ignore'
[0.141s] Level 1:colcon.colcon_core.package_identification:_identify(log) ignored
[0.141s] Level 1:colcon.colcon_core.package_identification:_identify(src) by extensions ['ignore', 'ignore_ament_install']
[0.141s] Level 1:colcon.colcon_core.package_identification:_identify(src) by extension 'ignore'
[0.141s] Level 1:colcon.colcon_core.package_identification:_identify(src) by extension 'ignore_ament_install'
[0.141s] Level 1:colcon.colcon_core.package_identification:_identify(src) by extensions ['colcon_pkg']
[0.141s] Level 1:colcon.colcon_core.package_identification:_identify(src) by extension 'colcon_pkg'
[0.141s] Level 1:colcon.colcon_core.package_identification:_identify(src) by extensions ['colcon_meta']
[0.141s] Level 1:colcon.colcon_core.package_identification:_identify(src) by extension 'colcon_meta'
[0.141s] Level 1:colcon.colcon_core.package_identification:_identify(src) by extensions ['ros']
[0.141s] Level 1:colcon.colcon_core.package_identification:_identify(src) by extension 'ros'
[0.141s] Level 1:colcon.colcon_core.package_identification:_identify(src) by extensions ['cmake', 'python']
[0.141s] Level 1:colcon.colcon_core.package_identification:_identify(src) by extension 'cmake'
[0.141s] Level 1:colcon.colcon_core.package_identification:_identify(src) by extension 'python'
[0.142s] Level 1:colcon.colcon_core.package_identification:_identify(src) by extensions ['python_setup_py']
[0.142s] Level 1:colcon.colcon_core.package_identification:_identify(src) by extension 'python_setup_py'
[0.142s] Level 1:colcon.colcon_core.package_identification:_identify(src/industrial_robot_jazzy) by extensions ['ignore', 'ignore_ament_install']
[0.142s] Level 1:colcon.colcon_core.package_identification:_identify(src/industrial_robot_jazzy) by extension 'ignore'
[0.142s] Level 1:colcon.colcon_core.package_identification:_identify(src/industrial_robot_jazzy) by extension 'ignore_ament_install'
[0.142s] Level 1:colcon.colcon_core.package_identification:_identify(src/industrial_robot_jazzy) by extensions ['colcon_pkg']
[0.142s] Level 1:colcon.colcon_core.package_identification:_identify(src/industrial_robot_jazzy) by extension 'colcon_pkg'
[0.142s] Level 1:colcon.colcon_core.package_identification:_identify(src/industrial_robot_jazzy) by extensions ['colcon_meta']
[0.142s] Level 1:colcon.colcon_core.package_identification:_identify(src/industrial_robot_jazzy) by extension 'colcon_meta'
[0.142s] Level 1:colcon.colcon_core.package_identification:_identify(src/industrial_robot_jazzy) by extensions ['ros']
[0.142s] Level 1:colcon.colcon_core.package_identification:_identify(src/industrial_robot_jazzy) by extension 'ros'
[0.144s] DEBUG:colcon.colcon_core.package_identification:Package 'src/industrial_robot_jazzy' with type 'ros.ament_cmake' and name 'industrial_robot_jazzy'
[0.144s] Level 1:colcon.colcon_core.package_discovery:discover_packages(recursive) using defaults
[0.144s] Level 1:colcon.colcon_core.package_discovery:discover_packages(ignore) discover
[0.144s] Level 1:colcon.colcon_core.package_discovery:discover_packages(ignore) using defaults
[0.144s] Level 1:colcon.colcon_core.package_discovery:discover_packages(path) discover
[0.144s] Level 1:colcon.colcon_core.package_discovery:discover_packages(path) using defaults
[0.159s] Level 1:colcon.colcon_core.package_discovery:discover_packages(prefix_path) check parameters
[0.159s] Level 1:colcon.colcon_core.package_discovery:discover_packages(prefix_path) discover
[0.160s] DEBUG:colcon.colcon_installed_package_information.package_discovery:Found 1 installed packages in /home/wiktor/robot_ws/install
[0.162s] DEBUG:colcon.colcon_installed_package_information.package_discovery:Found 412 installed packages in /opt/ros/jazzy
[0.164s] Level 1:colcon.colcon_core.package_discovery:discover_packages(prefix_path) using defaults
[0.204s] Level 5:colcon.colcon_core.verb:set package 'industrial_robot_jazzy' build argument 'cmake_args' from command line to 'None'
[0.204s] Level 5:colcon.colcon_core.verb:set package 'industrial_robot_jazzy' build argument 'cmake_target' from command line to 'None'
[0.204s] Level 5:colcon.colcon_core.verb:set package 'industrial_robot_jazzy' build argument 'cmake_target_skip_unavailable' from command line to 'False'
[0.204s] Level 5:colcon.colcon_core.verb:set package 'industrial_robot_jazzy' build argument 'cmake_clean_cache' from command line to 'False'
[0.204s] Level 5:colcon.colcon_core.verb:set package 'industrial_robot_jazzy' build argument 'cmake_clean_first' from command line to 'False'
[0.204s] Level 5:colcon.colcon_core.verb:set package 'industrial_robot_jazzy' build argument 'cmake_force_configure' from command line to 'False'
[0.204s] Level 5:colcon.colcon_core.verb:set package 'industrial_robot_jazzy' build argument 'ament_cmake_args' from command line to 'None'
[0.204s] Level 5:colcon.colcon_core.verb:set package 'industrial_robot_jazzy' build argument 'catkin_cmake_args' from command line to 'None'
[0.204s] Level 5:colcon.colcon_core.verb:set package 'industrial_robot_jazzy' build argument 'catkin_skip_building_tests' from command line to 'False'
[0.204s] DEBUG:colcon.colcon_core.verb:Building package 'industrial_robot_jazzy' with the following arguments: {'ament_cmake_args': None, 'build_base': '/home/wiktor/robot_ws/build/industrial_robot_jazzy', 'catkin_cmake_args': None, 'catkin_skip_building_tests': False, 'cmake_args': None, 'cmake_clean_cache': False, 'cmake_clean_first': False, 'cmake_force_configure': False, 'cmake_target': None, 'cmake_target_skip_unavailable': False, 'install_base': '/home/wiktor/robot_ws/install/industrial_robot_jazzy', 'merge_install': False, 'path': '/home/wiktor/robot_ws/src/industrial_robot_jazzy', 'symlink_install': False, 'test_result_base': None}
[0.204s] INFO:colcon.colcon_core.executor:Executing jobs using 'parallel' executor
[0.205s] DEBUG:colcon.colcon_parallel_executor.executor.parallel:run_until_complete
[0.206s] INFO:colcon.colcon_ros.task.ament_cmake.build:Building ROS package in '/home/wiktor/robot_ws/src/industrial_robot_jazzy' with build type 'ament_cmake'
[0.206s] INFO:colcon.colcon_cmake.task.cmake.build:Building CMake package in '/home/wiktor/robot_ws/src/industrial_robot_jazzy'
[0.209s] INFO:colcon.colcon_core.plugin_system:Skipping extension 'colcon_core.shell.bat': Not used on non-Windows systems
[0.209s] INFO:colcon.colcon_core.shell:Skip shell extension 'powershell' for command environment: Not usable outside of PowerShell
[0.209s] DEBUG:colcon.colcon_core.shell:Skip shell extension 'dsv' for command environment
[0.221s] DEBUG:colcon.colcon_core.event_handler.log_command:Invoking command in '/home/wiktor/robot_ws/build/industrial_robot_jazzy': CMAKE_PREFIX_PATH=${CMAKE_PREFIX_PATH}:/opt/ros/jazzy DEBUGINFOD_URLS=https://debuginfod.ubuntu.com /usr/bin/cmake --build /home/wiktor/robot_ws/build/industrial_robot_jazzy -- -j4 -l4
[0.317s] DEBUG:colcon.colcon_core.event_handler.log_command:Invoked command in '/home/wiktor/robot_ws/build/industrial_robot_jazzy' returned '0': CMAKE_PREFIX_PATH=${CMAKE_PREFIX_PATH}:/opt/ros/jazzy DEBUGINFOD_URLS=https://debuginfod.ubuntu.com /usr/bin/cmake --build /home/wiktor/robot_ws/build/industrial_robot_jazzy -- -j4 -l4
[0.331s] DEBUG:colcon.colcon_core.event_handler.log_command:Invoking command in '/home/wiktor/robot_ws/build/industrial_robot_jazzy': CMAKE_PREFIX_PATH=${CMAKE_PREFIX_PATH}:/opt/ros/jazzy DEBUGINFOD_URLS=https://debuginfod.ubuntu.com /usr/bin/cmake --install /home/wiktor/robot_ws/build/industrial_robot_jazzy
[0.345s] Level 1:colcon.colcon_core.environment:create_environment_scripts_only(industrial_robot_jazzy)
[0.348s] Level 1:colcon.colcon_core.environment:checking '/home/wiktor/robot_ws/install/industrial_robot_jazzy' for CMake module files
[0.349s] Level 1:colcon.colcon_core.environment:checking '/home/wiktor/robot_ws/install/industrial_robot_jazzy' for CMake config files
[0.350s] Level 1:colcon.colcon_core.shell:create_environment_hook('industrial_robot_jazzy', 'cmake_prefix_path')
[0.351s] INFO:colcon.colcon_core.shell:Creating environment hook '/home/wiktor/robot_ws/install/industrial_robot_jazzy/share/industrial_robot_jazzy/hook/cmake_prefix_path.ps1'
[0.351s] INFO:colcon.colcon_core.shell:Creating environment descriptor '/home/wiktor/robot_ws/install/industrial_robot_jazzy/share/industrial_robot_jazzy/hook/cmake_prefix_path.dsv'
[0.352s] INFO:colcon.colcon_core.shell:Creating environment hook '/home/wiktor/robot_ws/install/industrial_robot_jazzy/share/industrial_robot_jazzy/hook/cmake_prefix_path.sh'
[0.353s] Level 1:colcon.colcon_core.environment:checking '/home/wiktor/robot_ws/install/industrial_robot_jazzy/lib'
[0.353s] Level 1:colcon.colcon_core.environment:checking '/home/wiktor/robot_ws/install/industrial_robot_jazzy/bin'
[0.353s] Level 1:colcon.colcon_core.environment:checking '/home/wiktor/robot_ws/install/industrial_robot_jazzy/lib/pkgconfig/industrial_robot_jazzy.pc'
[0.354s] Level 1:colcon.colcon_core.environment:checking '/home/wiktor/robot_ws/install/industrial_robot_jazzy/lib/python3.12/site-packages'
[0.354s] Level 1:colcon.colcon_core.environment:checking '/home/wiktor/robot_ws/install/industrial_robot_jazzy/bin'
[0.354s] INFO:colcon.colcon_core.shell:Creating package script '/home/wiktor/robot_ws/install/industrial_robot_jazzy/share/industrial_robot_jazzy/package.ps1'
[0.356s] INFO:colcon.colcon_core.shell:Creating package descriptor '/home/wiktor/robot_ws/install/industrial_robot_jazzy/share/industrial_robot_jazzy/package.dsv'
[0.357s] INFO:colcon.colcon_core.shell:Creating package script '/home/wiktor/robot_ws/install/industrial_robot_jazzy/share/industrial_robot_jazzy/package.sh'
[0.358s] INFO:colcon.colcon_core.shell:Creating package script '/home/wiktor/robot_ws/install/industrial_robot_jazzy/share/industrial_robot_jazzy/package.bash'
[0.359s] INFO:colcon.colcon_core.shell:Creating package script '/home/wiktor/robot_ws/install/industrial_robot_jazzy/share/industrial_robot_jazzy/package.zsh'
[0.359s] DEBUG:colcon.colcon_core.event_handler.log_command:Invoked command in '/home/wiktor/robot_ws/build/industrial_robot_jazzy' returned '0': CMAKE_PREFIX_PATH=${CMAKE_PREFIX_PATH}:/opt/ros/jazzy DEBUGINFOD_URLS=https://debuginfod.ubuntu.com /usr/bin/cmake --install /home/wiktor/robot_ws/build/industrial_robot_jazzy
[0.359s] Level 1:colcon.colcon_core.environment:create_file_with_runtime_dependencies(/home/wiktor/robot_ws/install/industrial_robot_jazzy/share/colcon-core/packages/industrial_robot_jazzy)
[0.360s] Level 1:colcon.colcon_core.environment:create_environment_scripts_only(industrial_robot_jazzy)
[0.360s] Level 1:colcon.colcon_core.environment:checking '/home/wiktor/robot_ws/install/industrial_robot_jazzy' for CMake module files
[0.361s] Level 1:colcon.colcon_core.environment:checking '/home/wiktor/robot_ws/install/industrial_robot_jazzy' for CMake config files
[0.361s] Level 1:colcon.colcon_core.shell:create_environment_hook('industrial_robot_jazzy', 'cmake_prefix_path')
[0.361s] INFO:colcon.colcon_core.shell:Creating environment hook '/home/wiktor/robot_ws/install/industrial_robot_jazzy/share/industrial_robot_jazzy/hook/cmake_prefix_path.ps1'
[0.361s] INFO:colcon.colcon_core.shell:Creating environment descriptor '/home/wiktor/robot_ws/install/industrial_robot_jazzy/share/industrial_robot_jazzy/hook/cmake_prefix_path.dsv'
[0.362s] INFO:colcon.colcon_core.shell:Creating environment hook '/home/wiktor/robot_ws/install/industrial_robot_jazzy/share/industrial_robot_jazzy/hook/cmake_prefix_path.sh'
[0.362s] Level 1:colcon.colcon_core.environment:checking '/home/wiktor/robot_ws/install/industrial_robot_jazzy/lib'
[0.363s] Level 1:colcon.colcon_core.environment:checking '/home/wiktor/robot_ws/install/industrial_robot_jazzy/bin'
[0.363s] Level 1:colcon.colcon_core.environment:checking '/home/wiktor/robot_ws/install/industrial_robot_jazzy/lib/pkgconfig/industrial_robot_jazzy.pc'
[0.363s] Level 1:colcon.colcon_core.environment:checking '/home/wiktor/robot_ws/install/industrial_robot_jazzy/lib/python3.12/site-packages'
[0.363s] Level 1:colcon.colcon_core.environment:checking '/home/wiktor/robot_ws/install/industrial_robot_jazzy/bin'
[0.363s] INFO:colcon.colcon_core.shell:Creating package script '/home/wiktor/robot_ws/install/industrial_robot_jazzy/share/industrial_robot_jazzy/package.ps1'
[0.364s] INFO:colcon.colcon_core.shell:Creating package descriptor '/home/wiktor/robot_ws/install/industrial_robot_jazzy/share/industrial_robot_jazzy/package.dsv'
[0.364s] INFO:colcon.colcon_core.shell:Creating package script '/home/wiktor/robot_ws/install/industrial_robot_jazzy/share/industrial_robot_jazzy/package.sh'
[0.364s] INFO:colcon.colcon_core.shell:Creating package script '/home/wiktor/robot_ws/install/industrial_robot_jazzy/share/industrial_robot_jazzy/package.bash'
[0.365s] INFO:colcon.colcon_core.shell:Creating package script '/home/wiktor/robot_ws/install/industrial_robot_jazzy/share/industrial_robot_jazzy/package.zsh'
[0.365s] Level 1:colcon.colcon_core.environment:create_file_with_runtime_dependencies(/home/wiktor/robot_ws/install/industrial_robot_jazzy/share/colcon-core/packages/industrial_robot_jazzy)
[0.366s] DEBUG:colcon.colcon_parallel_executor.executor.parallel:closing loop
[0.366s] DEBUG:colcon.colcon_parallel_executor.executor.parallel:loop closed
[0.366s] DEBUG:colcon.colcon_parallel_executor.executor.parallel:run_until_complete finished with '0'
[0.366s] DEBUG:colcon.colcon_core.event_reactor:joining thread
[0.373s] INFO:colcon.colcon_core.plugin_system:Skipping extension 'colcon_notification.desktop_notification.terminal_notifier': Not used on non-Darwin systems
[0.374s] INFO:colcon.colcon_core.plugin_system:Skipping extension 'colcon_notification.desktop_notification.win32': Not used on non-Windows systems
[0.374s] INFO:colcon.colcon_notification.desktop_notification:Sending desktop notification using 'notify2'
[0.389s] DEBUG:colcon.colcon_core.event_reactor:joined thread
[0.390s] INFO:colcon.colcon_core.shell:Creating prefix script '/home/wiktor/robot_ws/install/local_setup.ps1'
[0.391s] INFO:colcon.colcon_core.shell:Creating prefix util module '/home/wiktor/robot_ws/install/_local_setup_util_ps1.py'
[0.392s] INFO:colcon.colcon_core.shell:Creating prefix chain script '/home/wiktor/robot_ws/install/setup.ps1'
[0.393s] INFO:colcon.colcon_core.shell:Creating prefix script '/home/wiktor/robot_ws/install/local_setup.sh'
[0.394s] INFO:colcon.colcon_core.shell:Creating prefix util module '/home/wiktor/robot_ws/install/_local_setup_util_sh.py'
[0.395s] INFO:colcon.colcon_core.shell:Creating prefix chain script '/home/wiktor/robot_ws/install/setup.sh'
[0.400s] INFO:colcon.colcon_core.shell:Creating prefix script '/home/wiktor/robot_ws/install/local_setup.bash'
[0.400s] INFO:colcon.colcon_core.shell:Creating prefix chain script '/home/wiktor/robot_ws/install/setup.bash'
[0.401s] INFO:colcon.colcon_core.shell:Creating prefix script '/home/wiktor/robot_ws/install/local_setup.zsh'
[0.402s] INFO:colcon.colcon_core.shell:Creating prefix chain script '/home/wiktor/robot_ws/install/setup.zsh'
